<?xml version="1.0" encoding="UTF-8" ?>
<testsuites disabled="0" errors="0" failures="2" tests="1" time="15.075">
 <testsuite name="app" timestamp="2018-12-16T11:04:34" hostname="localhost" time="15.075" errors="0" tests="1" skipped="0" disabled="0" failures="2">
  <testcase classname="app" name="should login and logout from the platform" time="15.074">
   <failure type="toBe" message="Expected &apos;&apos; to be &apos;BÃ¼hler Insights&apos;."><![CDATA[Error: Failed expectation
    at UserContext.<anonymous> (C:\Users\Peter\Desktop\protractor\protractor_mvp\jasmine\e2e\login.ts:14:37)
    at Generator.next (<anonymous>)
    at fulfilled (C:\Users\Peter\Desktop\protractor\protractor_mvp\jasmine\e2e\login.ts:4:58)
    at process._tickCallback (internal/process/next_tick.js:68:7)]]>
   </failure>
   <failure type="exception" message="TimeoutError: Wait timed out after 10001ms"><![CDATA[TimeoutError: Wait timed out after 10001ms
    at C:\Users\Peter\Desktop\protractor\protractor_mvp\node_modules\selenium-webdriver\lib\promise.js:2201:17
    at ManagedPromise.invokeCallback_ (C:\Users\Peter\Desktop\protractor\protractor_mvp\node_modules\selenium-webdriver\lib\promise.js:1376:14)
    at TaskQueue.execute_ (C:\Users\Peter\Desktop\protractor\protractor_mvp\node_modules\selenium-webdriver\lib\promise.js:3084:14)
    at TaskQueue.executeNext_ (C:\Users\Peter\Desktop\protractor\protractor_mvp\node_modules\selenium-webdriver\lib\promise.js:3067:27)
    at asyncRun (C:\Users\Peter\Desktop\protractor\protractor_mvp\node_modules\selenium-webdriver\lib\promise.js:2927:27)
    at C:\Users\Peter\Desktop\protractor\protractor_mvp\node_modules\selenium-webdriver\lib\promise.js:668:7
    at process._tickCallback (internal/process/next_tick.js:68:7)
From: Task: <anonymous wait>
    at scheduleWait (C:\Users\Peter\Desktop\protractor\protractor_mvp\node_modules\selenium-webdriver\lib\promise.js:2188:20)
    at ControlFlow.wait (C:\Users\Peter\Desktop\protractor\protractor_mvp\node_modules\selenium-webdriver\lib\promise.js:2517:12)
    at Driver.wait (C:\Users\Peter\Desktop\protractor\protractor_mvp\node_modules\selenium-webdriver\lib\webdriver.js:934:29)
    at run (C:\Users\Peter\Desktop\protractor\protractor_mvp\node_modules\protractor\built\browser.js:59:33)
    at ProtractorBrowser.to.(anonymous function) [as wait] (C:\Users\Peter\Desktop\protractor\protractor_mvp\node_modules\protractor\built\browser.js:67:16)
    at AppPage.get dropdownButton [as dropdownButton] (C:\Users\Peter\Desktop\protractor\protractor_mvp\page_objects\app.po.ts:8:17)
    at AppPage.logout (C:\Users\Peter\Desktop\protractor\protractor_mvp\page_objects\app.po.ts:51:37)
    at UserContext.<anonymous> (C:\Users\Peter\Desktop\protractor\protractor_mvp\jasmine\e2e\login.ts:16:23)
    at Generator.next (<anonymous>)
    at fulfilled (C:\Users\Peter\Desktop\protractor\protractor_mvp\jasmine\e2e\login.ts:4:58)]]>
   </failure>
  </testcase>
 </testsuite>
</testsuites>